<?xml version="1.0" encoding="UTF-8"?>
<!-- Generated by org.testng.reporters.JUnitReportReporter -->
<testsuite hostname="DESKTOP-6A3ROV2" failures="0" tests="10" name="Demo.TestNGProj.DataProviderDemo" time="0.058" errors="0" timestamp="2025-01-24T20:39:10 IST" skipped="0">
  <testcase classname="Demo.TestNGProj.DataProviderDemo" name="loginTest" time="0.003"/>
  <testcase classname="Demo.TestNGProj.DataProviderDemo" name="loginTest" time="0.008"/>
  <testcase classname="Demo.TestNGProj.DataProviderDemo" name="loginTest" time="0.004"/>
  <testcase classname="Demo.TestNGProj.DataProviderDemo" name="loginTest" time="0.003"/>
  <testcase classname="Demo.TestNGProj.DataProviderDemo" name="loginTest" time="0.005"/>
  <testcase classname="Demo.TestNGProj.DataProviderDemo" name="loginTest" time="0.016"/>
  <testcase classname="Demo.TestNGProj.DataProviderDemo" name="loginTest" time="0.004"/>
  <testcase classname="Demo.TestNGProj.DataProviderDemo" name="loginTest" time="0.004"/>
  <testcase classname="Demo.TestNGProj.DataProviderDemo" name="loginTest" time="0.005"/>
  <testcase classname="Demo.TestNGProj.DataProviderDemo" name="loginTest" time="0.006"/>
</testsuite> <!-- Demo.TestNGProj.DataProviderDemo -->
