<?xml version="1.0" encoding="UTF-8"?>
<!-- Generated by org.testng.reporters.JUnitReportReporter -->
<testsuite hostname="DESKTOP-6A3ROV2" failures="0" tests="1" name="Demo.TestNGProj.DemoClass" time="63.960" errors="0" timestamp="2025-01-18T15:31:41 IST" skipped="0">
  <testcase classname="Demo.TestNGProj.DemoClass" name="sampleAutomation" time="63.960"/>
</testsuite> <!-- Demo.TestNGProj.DemoClass -->
