<?xml version="1.0" encoding="UTF-8"?>
<!-- Generated by org.testng.reporters.JUnitReportReporter -->
<testsuite hostname="DESKTOP-6A3ROV2" failures="0" tests="3" name="Demo.TestNGProj.AnnotationDemo" time="0.024" errors="0" timestamp="2025-01-19T09:55:35 IST" skipped="0">
  <testcase classname="Demo.TestNGProj.AnnotationDemo" name="testregistration" time="0.012"/>
  <testcase classname="Demo.TestNGProj.AnnotationDemo" name="testLogin" time="0.006"/>
  <testcase classname="Demo.TestNGProj.AnnotationDemo" name="testHomePage" time="0.006"/>
</testsuite> <!-- Demo.TestNGProj.AnnotationDemo -->
